** Drc report for Master Timing Card.kicad_pcb **
** Created on 2024-04-29T19:40:02+0000 **

** Found 21 DRC violations **
[items_not_allowed]: Items not allowed (keepout area 'Keepout_Bottom')
    Rule: keepout area 'Keepout_Bottom'; error
    @(206.9300 mm, 102.2500 mm): Footprint CN1
[items_not_allowed]: Items not allowed (keepout area 'Keepout_Top')
    Rule: keepout area 'Keepout_Top'; error
    @(192.1600 mm, 54.6800 mm): Footprint CN2
[track_dangling]: Track has unconnected end
    Local override; error
    @(110.7500 mm, 49.5000 mm): Track [/ONEWIRE_ADDRESS] on B.Cu, length 0.7500 mm
[clearance]: Clearance violation (netclass 'ETHERNET' clearance 0.1800 mm; actual 0.1620 mm)
    Rule: netclass 'ETHERNET'; error
    @(87.1000 mm, 64.5750 mm): Track [/CM4 Interfaces/ETHB_P] on F.Cu, length 0.1061 mm
    @(87.4750 mm, 61.4068 mm): Track [/CM4 Interfaces/ETHB_N] on F.Cu, length 3.0932 mm
[clearance]: Clearance violation (netclass 'ETHERNET' clearance 0.1800 mm; actual 0.1620 mm)
    Rule: netclass 'ETHERNET'; error
    @(87.5000 mm, 64.5250 mm): Track [/CM4 Interfaces/ETHB_N] on F.Cu, length 0.0354 mm
    @(87.1000 mm, 64.5750 mm): Track [/CM4 Interfaces/ETHB_P] on F.Cu, length 0.1061 mm
[courtyards_overlap]: Courtyards overlap
    Rule: board setup constraints courtyard; error
    @(47.6775 mm, 38.0000 mm): Footprint LD1
    @(40.0000 mm, 52.0000 mm): Footprint CN13
[courtyards_overlap]: Courtyards overlap
    Rule: board setup constraints courtyard; error
    @(118.0000 mm, 67.2500 mm): Footprint ZF1
    @(96.5000 mm, 33.7500 mm): Footprint CN6
[courtyards_overlap]: Courtyards overlap
    Rule: board setup constraints courtyard; error
    @(118.0000 mm, 67.2500 mm): Footprint ZF1
    @(96.5000 mm, 67.7500 mm): Footprint CN4
[silk_edge_clearance]: Silkscreen clipped by board edge
    Rule: board setup constraints silk; warning
    @(210.0000 mm, 82.0000 mm): Segment on Edge.Cuts
    @(204.4300 mm, 122.5000 mm): Segment on F.Silkscreen
[silk_edge_clearance]: Silkscreen clipped by board edge
    Rule: board setup constraints silk; warning
    @(209.7000 mm, 82.0000 mm): Arc on Edge.Cuts
    @(210.9300 mm, 82.0000 mm): Segment on F.Silkscreen
[lib_footprint_mismatch]: Footprint 'DFN-10-1EP_3x3mm_P0.5mm_EP1.65x2.38mm_ThermalVias' does not match copy in library 'Package_DFN_QFN'.
    Local override; warning
    @(154.7500 mm, 102.2500 mm): Footprint U16
[lib_footprint_mismatch]: Footprint 'uBlox_ZED' does not match copy in library 'RF_WUT'.
    Local override; warning
    @(64.7325 mm, 110.5000 mm): Footprint U11
[lib_footprint_mismatch]: Footprint 'Shield_Masach_MS585-10_58.2x49.4x4.7mm_SMD' does not match copy in library 'Shield_WUT'.
    Local override; warning
    @(157.2500 mm, 96.0000 mm): Footprint SH1
[lib_footprint_mismatch]: Footprint 'DFN-10-1EP_3x3mm_P0.5mm_EP1.65x2.38mm_ThermalVias' does not match copy in library 'Package_DFN_QFN'.
    Local override; warning
    @(154.7500 mm, 82.2500 mm): Footprint U14
[silk_over_copper]: Silkscreen clipped by solder mask
    Local override; warning
    @(136.6400 mm, 94.3250 mm): Polygon on F.Silkscreen
[silk_over_copper]: Silkscreen clipped by solder mask
    Local override; warning
    @(54.7325 mm, 100.7500 mm): Circle on F.Silkscreen
[silk_over_copper]: Silkscreen clipped by solder mask
    Local override; warning
    @(126.7500 mm, 52.2000 mm): Rectangle on F.Silkscreen
[silk_overlap]: Silkscreen overlap
    Rule: board setup constraints silk; warning
    @(47.5000 mm, 111.2500 mm): Reference 'U12'
    @(45.8425 mm, 111.4200 mm): Polygon on F.Silkscreen
[silk_overlap]: Silkscreen overlap
    Rule: board setup constraints silk; warning
    @(54.6225 mm, 100.8922 mm): Segment on F.Silkscreen
    @(54.7325 mm, 100.7500 mm): Circle on F.Silkscreen
[silk_overlap]: Silkscreen overlap
    Rule: board setup constraints silk; warning
    @(85.5000 mm, 70.7500 mm): Circle on F.Silkscreen
    @(70.0000 mm, 70.7500 mm): Segment on F.Silkscreen
[silk_overlap]: Silkscreen overlap
    Rule: board setup constraints silk; warning
    @(136.6400 mm, 94.3250 mm): Polygon on F.Silkscreen
    @(136.3600 mm, 94.1078 mm): Segment on F.Silkscreen

** Found 0 unconnected pads **

** Found 0 Footprint errors **

** End of Report **
